2024-11-29 20:23:51 - Mouse clicked at (123, 415)
2024-11-29 20:23:51 - Simulation started. Automatic cone drops enabled.
2024-11-29 20:23:51 - Automatic drop interval reached.
2024-11-29 20:23:51 - Mouse clicked at (123, 415)
2024-11-29 20:23:51 - Simulation started. Automatic cone drops enabled.
2024-11-29 20:23:51 - Mouse clicked at (123, 415)
2024-11-29 20:23:51 - Simulation started. Automatic cone drops enabled.
2024-11-29 20:23:51 - Mouse clicked at (123, 415)
2024-11-29 20:23:51 - Simulation started. Automatic cone drops enabled.
2024-11-29 20:23:52 - Mouse clicked at (123, 415)
2024-11-29 20:23:52 - Simulation started. Automatic cone drops enabled.
2024-11-29 20:23:52 - Mouse clicked at (123, 415)
2024-11-29 20:23:52 - Simulation started. Automatic cone drops enabled.
2024-11-29 20:23:52 - Mouse clicked at (123, 415)
2024-11-29 20:23:52 - Simulation started. Automatic cone drops enabled.
2024-11-29 20:23:52 - Mouse clicked at (123, 415)
2024-11-29 20:23:52 - Simulation started. Automatic cone drops enabled.
2024-11-29 20:23:52 - Mouse clicked at (123, 415)
2024-11-29 20:23:52 - Simulation started. Automatic cone drops enabled.
2024-11-29 20:23:53 - Mouse clicked at (123, 415)
2024-11-29 20:23:53 - Simulation started. Automatic cone drops enabled.
2024-11-29 20:23:53 - Automatic drop interval reached.
2024-11-29 20:23:53 - Mouse clicked at (270, 441)
2024-11-29 20:23:53 - Simulation stopped. Automatic cone drops disabled.
2024-11-29 20:23:53 - Mouse clicked at (270, 441)
2024-11-29 20:23:53 - Simulation stopped. Automatic cone drops disabled.
2024-11-29 20:23:55 - Mouse clicked at (419, 429)
2024-11-29 20:23:55 - Manual drop triggered.
2024-11-29 20:23:55 - Mouse clicked at (419, 429)
2024-11-29 20:23:55 - Manual drop triggered.
2024-11-29 20:23:55 - Mouse clicked at (419, 429)
2024-11-29 20:23:55 - Manual drop triggered.
2024-11-29 20:23:55 - Mouse clicked at (419, 429)
2024-11-29 20:23:55 - Manual drop triggered.
2024-11-29 20:23:56 - Mouse clicked at (419, 429)
2024-11-29 20:23:56 - Manual drop triggered.
2024-11-29 20:23:56 - Mouse clicked at (419, 429)
2024-11-29 20:23:56 - Manual drop triggered.
2024-11-29 20:23:56 - Mouse clicked at (419, 429)
2024-11-29 20:23:56 - Manual drop triggered.
2024-11-29 20:23:56 - Mouse clicked at (419, 429)
2024-11-29 20:23:56 - Manual drop triggered.
2024-11-29 20:23:56 - Mouse clicked at (419, 429)
2024-11-29 20:23:56 - Manual drop triggered.
2024-11-29 20:23:56 - Mouse clicked at (419, 429)
2024-11-29 20:23:56 - Manual drop triggered.
2024-11-29 20:23:56 - Mouse clicked at (419, 429)
2024-11-29 20:23:56 - Manual drop triggered.
2024-11-29 20:23:57 - Mouse clicked at (419, 429)
2024-11-29 20:23:57 - Manual drop triggered.
2024-11-29 20:23:57 - Mouse clicked at (419, 429)
2024-11-29 20:23:57 - Manual drop triggered.
2024-11-29 20:23:57 - Mouse clicked at (419, 429)
2024-11-29 20:23:57 - Manual drop triggered.
2024-11-29 20:23:57 - Mouse clicked at (419, 429)
2024-11-29 20:23:57 - Manual drop triggered.
2024-11-29 20:23:57 - Mouse clicked at (419, 429)
2024-11-29 20:23:57 - Manual drop triggered.
2024-11-29 20:23:58 - Mouse clicked at (419, 429)
2024-11-29 20:23:58 - Manual drop triggered.
2024-11-29 20:23:58 - Mouse clicked at (419, 429)
2024-11-29 20:23:58 - Manual drop triggered.
2024-11-29 20:23:58 - Mouse clicked at (419, 429)
2024-11-29 20:23:58 - Manual drop triggered.
2024-11-29 20:23:58 - Mouse clicked at (419, 429)
2024-11-29 20:23:58 - Manual drop triggered.
2024-11-29 20:23:58 - Mouse clicked at (419, 429)
2024-11-29 20:23:58 - Manual drop triggered.
2024-11-29 20:23:58 - Mouse clicked at (419, 429)
2024-11-29 20:23:58 - Manual drop triggered.
2024-11-29 20:24:00 - Mouse clicked at (112, 421)
2024-11-29 20:24:00 - Simulation started. Automatic cone drops enabled.
2024-11-29 20:24:00 - Automatic drop interval reached.
2024-11-29 20:24:02 - Automatic drop interval reached.
2024-11-29 20:24:04 - Automatic drop interval reached.
2024-11-29 20:24:06 - Automatic drop interval reached.
2024-11-29 20:24:08 - Automatic drop interval reached.
2024-11-29 20:24:09 - Mouse clicked at (278, 419)
2024-11-29 20:24:09 - Simulation stopped. Automatic cone drops disabled.
2024-11-29 20:24:10 - Mouse clicked at (399, 418)
2024-11-29 20:24:10 - Manual drop triggered.
2024-11-29 20:24:12 - Exiting the simulation. Goodbye!
2024-11-29 20:25:07 - Mouse clicked at (90, 407)
2024-11-29 20:25:07 - Simulation started. Automatic cone drops enabled.
2024-11-29 20:25:07 - Mouse clicked at (90, 407)
2024-11-29 20:25:07 - Simulation started. Automatic cone drops enabled.
2024-11-29 20:25:07 - Mouse clicked at (90, 407)
2024-11-29 20:25:07 - Simulation started. Automatic cone drops enabled.
2024-11-29 20:25:07 - Mouse clicked at (90, 407)
2024-11-29 20:25:07 - Simulation started. Automatic cone drops enabled.
2024-11-29 20:25:07 - Mouse clicked at (90, 407)
2024-11-29 20:25:07 - Simulation started. Automatic cone drops enabled.
2024-11-29 20:25:07 - Automatic drop interval reached.
2024-11-29 20:25:08 - Mouse clicked at (90, 407)
2024-11-29 20:25:08 - Simulation started. Automatic cone drops enabled.
2024-11-29 20:25:08 - Mouse clicked at (90, 407)
2024-11-29 20:25:08 - Simulation started. Automatic cone drops enabled.
2024-11-29 20:25:08 - Mouse clicked at (90, 407)
2024-11-29 20:25:08 - Simulation started. Automatic cone drops enabled.
2024-11-29 20:25:08 - Mouse clicked at (90, 407)
2024-11-29 20:25:08 - Simulation started. Automatic cone drops enabled.
2024-11-29 20:25:08 - Mouse clicked at (90, 407)
2024-11-29 20:25:08 - Simulation started. Automatic cone drops enabled.
2024-11-29 20:25:09 - Mouse clicked at (90, 407)
2024-11-29 20:25:09 - Simulation started. Automatic cone drops enabled.
2024-11-29 20:25:09 - Automatic drop interval reached.
2024-11-29 20:25:11 - Automatic drop interval reached.
2024-11-29 20:25:12 - Mouse clicked at (93, 444)
2024-11-29 20:25:12 - Simulation started. Automatic cone drops enabled.
2024-11-29 20:25:12 - Mouse clicked at (93, 444)
2024-11-29 20:25:12 - Simulation started. Automatic cone drops enabled.
2024-11-29 20:25:12 - Mouse clicked at (93, 444)
2024-11-29 20:25:12 - Simulation started. Automatic cone drops enabled.
2024-11-29 20:25:12 - Mouse clicked at (93, 444)
2024-11-29 20:25:12 - Simulation started. Automatic cone drops enabled.
2024-11-29 20:25:12 - Mouse clicked at (93, 444)
2024-11-29 20:25:12 - Simulation started. Automatic cone drops enabled.
2024-11-29 20:25:13 - Automatic drop interval reached.
2024-11-29 20:25:14 - Mouse clicked at (104, 423)
2024-11-29 20:25:14 - Simulation started. Automatic cone drops enabled.
2024-11-29 20:25:14 - Mouse clicked at (104, 423)
2024-11-29 20:25:14 - Simulation started. Automatic cone drops enabled.
2024-11-29 20:25:14 - Mouse clicked at (104, 423)
2024-11-29 20:25:14 - Simulation started. Automatic cone drops enabled.
2024-11-29 20:25:15 - Automatic drop interval reached.
2024-11-29 20:25:17 - Mouse clicked at (440, 426)
2024-11-29 20:25:17 - Manual drop triggered.
2024-11-29 20:25:17 - Mouse clicked at (440, 426)
2024-11-29 20:25:17 - Manual drop triggered.
2024-11-29 20:25:17 - Mouse clicked at (440, 426)
2024-11-29 20:25:17 - Manual drop triggered.
2024-11-29 20:25:18 - Automatic drop interval reached.
2024-11-29 20:25:18 - Mouse clicked at (440, 426)
2024-11-29 20:25:18 - Manual drop triggered.
2024-11-29 20:25:18 - Mouse clicked at (440, 426)
2024-11-29 20:25:18 - Manual drop triggered.
2024-11-29 20:25:18 - Mouse clicked at (440, 426)
2024-11-29 20:25:18 - Manual drop triggered.
2024-11-29 20:25:18 - Mouse clicked at (440, 426)
2024-11-29 20:25:18 - Manual drop triggered.
2024-11-29 20:25:19 - Mouse clicked at (440, 426)
2024-11-29 20:25:19 - Manual drop triggered.
2024-11-29 20:25:19 - Mouse clicked at (440, 426)
2024-11-29 20:25:19 - Manual drop triggered.
2024-11-29 20:25:20 - Automatic drop interval reached.
2024-11-29 20:25:22 - Automatic drop interval reached.
2024-11-29 20:25:24 - Automatic drop interval reached.
2024-11-29 20:25:24 - Mouse clicked at (260, 435)
2024-11-29 20:25:24 - Simulation stopped. Automatic cone drops disabled.
2024-11-29 20:25:27 - Exiting the simulation. Goodbye!
2024-11-29 20:30:23 - Mouse clicked at (115, 429)
2024-11-29 20:30:23 - Simulation started. Automatic cone drops enabled.
2024-11-29 20:30:23 - Automatic drop interval reached.
2024-11-29 20:30:24 - Mouse clicked at (115, 429)
2024-11-29 20:30:24 - Simulation started. Automatic cone drops enabled.
2024-11-29 20:30:25 - Mouse clicked at (115, 429)
2024-11-29 20:30:25 - Simulation started. Automatic cone drops enabled.
2024-11-29 20:30:25 - Automatic drop interval reached.
2024-11-29 20:30:27 - Automatic drop interval reached.
2024-11-29 20:30:29 - Automatic drop interval reached.
2024-11-29 20:30:31 - Automatic drop interval reached.
2024-11-29 20:30:35 - Automatic drop interval reached.
2024-11-29 20:30:37 - Automatic drop interval reached.
2024-11-29 20:30:38 - Mouse clicked at (115, 429)
2024-11-29 20:30:38 - Simulation started. Automatic cone drops enabled.
2024-11-29 20:30:39 - Automatic drop interval reached.
2024-11-29 20:30:39 - Mouse clicked at (289, 412)
2024-11-29 20:30:39 - Simulation stopped. Automatic cone drops disabled.
2024-11-29 20:31:53 - Exiting the simulation. Goodbye!
2024-11-29 20:32:12 - Mouse clicked at (105, 422)
2024-11-29 20:32:12 - Simulation started. Automatic cone drops enabled.
2024-11-29 20:32:12 - Automatic drop interval reached.
2024-11-29 20:32:14 - Automatic drop interval reached.
2024-11-29 20:32:16 - Automatic drop interval reached.
2024-11-29 20:32:18 - Automatic drop interval reached.
2024-11-29 20:32:20 - Automatic drop interval reached.
2024-11-29 20:32:22 - Automatic drop interval reached.
2024-11-29 20:32:24 - Automatic drop interval reached.
2024-11-29 20:32:26 - Automatic drop interval reached.
2024-11-29 20:32:28 - Automatic drop interval reached.
2024-11-29 20:32:30 - Mouse clicked at (248, 409)
2024-11-29 20:32:30 - Simulation stopped. Automatic cone drops disabled.
2024-11-29 20:32:33 - Exiting the simulation. Goodbye!
2024-11-29 20:35:13 - Mouse clicked at (115, 434)
2024-11-29 20:35:13 - Simulation started. Automatic cone drops enabled.
2024-11-29 20:35:13 - Automatic drop interval reached.
2024-11-29 20:35:15 - Automatic drop interval reached.
2024-11-29 20:35:17 - Automatic drop interval reached.
2024-11-29 20:35:19 - Automatic drop interval reached.
2024-11-29 20:35:21 - Automatic drop interval reached.
2024-11-29 20:35:23 - Automatic drop interval reached.
2024-11-29 20:35:24 - Mouse clicked at (250, 439)
2024-11-29 20:35:24 - Simulation stopped. Automatic cone drops disabled.
2024-11-29 20:36:31 - Exiting the simulation. Goodbye!
2024-11-29 20:36:57 - Mouse clicked at (85, 441)
2024-11-29 20:36:57 - Simulation started. Automatic cone drops enabled.
2024-11-29 20:36:58 - Automatic drop interval reached.
2024-11-29 20:37:00 - Automatic drop interval reached.
2024-11-29 20:37:02 - Automatic drop interval reached.
2024-11-29 20:37:04 - Automatic drop interval reached.
2024-11-29 20:37:06 - Automatic drop interval reached.
2024-11-29 20:37:08 - Automatic drop interval reached.
2024-11-29 20:37:10 - Automatic drop interval reached.
2024-11-29 20:37:11 - Mouse clicked at (100, 428)
2024-11-29 20:37:11 - Simulation started. Automatic cone drops enabled.
2024-11-29 20:37:12 - Automatic drop interval reached.
2024-11-29 20:37:13 - Mouse clicked at (228, 430)
2024-11-29 20:37:13 - Simulation stopped. Automatic cone drops disabled.
2024-11-29 20:37:17 - Exiting the simulation. Goodbye!
2024-11-29 20:39:10 - Mouse clicked at (119, 420)
2024-11-29 20:39:10 - Simulation started. Automatic cone drops enabled.
2024-11-29 20:39:10 - Automatic drop interval reached.
2024-11-29 20:39:12 - Automatic drop interval reached.
2024-11-29 20:39:14 - Automatic drop interval reached.
2024-11-29 20:39:16 - Automatic drop interval reached.
2024-11-29 20:39:18 - Automatic drop interval reached.
2024-11-29 20:39:20 - Automatic drop interval reached.
2024-11-29 20:39:22 - Automatic drop interval reached.
2024-11-29 20:39:24 - Automatic drop interval reached.
2024-11-29 20:39:26 - Automatic drop interval reached.
2024-11-29 20:39:28 - Automatic drop interval reached.
2024-11-29 20:39:29 - Mouse clicked at (244, 435)
2024-11-29 20:39:29 - Simulation stopped. Automatic cone drops disabled.
2024-11-29 20:39:35 - Exiting the simulation. Goodbye!
2024-11-29 20:39:53 - Mouse clicked at (143, 417)
2024-11-29 20:39:53 - Simulation started. Automatic cone drops enabled.
2024-11-29 20:39:53 - Automatic drop interval reached.
2024-11-29 20:39:55 - Automatic drop interval reached.
2024-11-29 20:39:57 - Automatic drop interval reached.
2024-11-29 20:39:58 - Mouse clicked at (143, 417)
2024-11-29 20:39:58 - Simulation started. Automatic cone drops enabled.
2024-11-29 20:39:59 - Mouse clicked at (216, 421)
2024-11-29 20:39:59 - Simulation stopped. Automatic cone drops disabled.
2024-11-29 20:41:12 - Exiting the simulation. Goodbye!
2024-11-29 20:41:20 - Mouse clicked at (98, 440)
2024-11-29 20:41:20 - Simulation started. Automatic cone drops enabled.
2024-11-29 20:41:20 - Automatic drop interval reached.
2024-11-29 20:41:22 - Automatic drop interval reached.
2024-11-29 20:41:24 - Automatic drop interval reached.
2024-11-29 20:41:26 - Automatic drop interval reached.
2024-11-29 20:41:28 - Automatic drop interval reached.
2024-11-29 20:41:30 - Automatic drop interval reached.
2024-11-29 20:41:30 - Mouse clicked at (267, 420)
2024-11-29 20:41:30 - Simulation stopped. Automatic cone drops disabled.
2024-11-29 20:43:12 - Exiting the simulation. Goodbye!
2024-11-29 20:43:17 - Mouse clicked at (126, 424)
2024-11-29 20:43:17 - Simulation started. Automatic cone drops enabled.
2024-11-29 20:43:18 - Automatic drop interval reached.
2024-11-29 20:43:20 - Automatic drop interval reached.
2024-11-29 20:43:22 - Automatic drop interval reached.
2024-11-29 20:43:24 - Automatic drop interval reached.
2024-11-29 20:43:26 - Automatic drop interval reached.
2024-11-29 20:43:28 - Automatic drop interval reached.
2024-11-29 20:43:28 - Mouse clicked at (249, 431)
2024-11-29 20:43:28 - Simulation stopped. Automatic cone drops disabled.
2024-11-29 20:44:00 - Exiting the simulation. Goodbye!
2024-11-29 20:48:18 - Mouse clicked at (104, 431)
2024-11-29 20:48:18 - Simulation started. Automatic cone drops enabled.
2024-11-29 20:48:18 - Automatic drop interval reached.
2024-11-29 20:48:20 - Automatic drop interval reached.
2024-11-29 20:48:22 - Automatic drop interval reached.
2024-11-29 20:48:24 - Automatic drop interval reached.
2024-11-29 20:48:26 - Automatic drop interval reached.
2024-11-29 20:48:28 - Automatic drop interval reached.
2024-11-29 20:48:29 - Mouse clicked at (234, 424)
2024-11-29 20:48:29 - Simulation stopped. Automatic cone drops disabled.
2024-11-29 20:48:32 - Exiting the simulation. Goodbye!
2024-11-29 20:50:33 - Mouse clicked at (110, 432)
2024-11-29 20:50:33 - Simulation started. Automatic cone drops enabled.
2024-11-29 20:50:33 - Automatic drop interval reached.
2024-11-29 20:50:35 - Automatic drop interval reached.
2024-11-29 20:50:37 - Automatic drop interval reached.
2024-11-29 20:50:39 - Automatic drop interval reached.
2024-11-29 20:50:41 - Automatic drop interval reached.
2024-11-29 20:50:43 - Automatic drop interval reached.
2024-11-29 20:50:45 - Automatic drop interval reached.
2024-11-29 20:50:47 - Automatic drop interval reached.
2024-11-29 20:50:48 - Mouse clicked at (110, 432)
2024-11-29 20:50:48 - Simulation started. Automatic cone drops enabled.
2024-11-29 20:50:49 - Automatic drop interval reached.
2024-11-29 20:50:51 - Mouse clicked at (143, 424)
2024-11-29 20:50:51 - Simulation started. Automatic cone drops enabled.
2024-11-29 20:50:51 - Automatic drop interval reached.
2024-11-29 20:50:52 - Mouse clicked at (294, 417)
2024-11-29 20:50:52 - Simulation stopped. Automatic cone drops disabled.
2024-11-29 20:50:55 - Exiting the simulation. Goodbye!
2024-12-01 20:37:33 - Mouse clicked at (97, 443)
2024-12-01 20:37:33 - Simulation started. Automatic cone drops enabled.
2024-12-01 20:37:33 - Automatic drop interval reached.
2024-12-01 20:37:35 - Automatic drop interval reached.
2024-12-01 20:37:37 - Automatic drop interval reached.
2024-12-01 20:37:39 - Automatic drop interval reached.
2024-12-01 20:37:41 - Automatic drop interval reached.
2024-12-01 20:37:43 - Automatic drop interval reached.
2024-12-01 20:37:45 - Automatic drop interval reached.
2024-12-01 20:37:47 - Automatic drop interval reached.
2024-12-01 20:37:49 - Automatic drop interval reached.
2024-12-01 20:37:51 - Automatic drop interval reached.
2024-12-01 20:37:53 - Automatic drop interval reached.
2024-12-01 20:37:55 - Automatic drop interval reached.
2024-12-01 20:37:57 - Automatic drop interval reached.
2024-12-01 20:37:58 - Mouse clicked at (217, 413)
2024-12-01 20:37:58 - Simulation stopped. Automatic cone drops disabled.
2024-12-01 20:37:59 - Mouse clicked at (481, 435)
2024-12-01 20:37:59 - Manual drop triggered.
2024-12-01 20:38:01 - Mouse clicked at (481, 435)
2024-12-01 20:38:01 - Manual drop triggered.
2024-12-01 20:38:01 - Mouse clicked at (481, 435)
2024-12-01 20:38:01 - Manual drop triggered.
2024-12-01 20:38:02 - Mouse clicked at (474, 428)
2024-12-01 20:38:02 - Manual drop triggered.
2024-12-01 20:38:02 - Mouse clicked at (474, 428)
2024-12-01 20:38:02 - Manual drop triggered.
2024-12-01 20:38:02 - Mouse clicked at (474, 428)
2024-12-01 20:38:02 - Manual drop triggered.
2024-12-01 20:38:02 - Mouse clicked at (474, 428)
2024-12-01 20:38:02 - Manual drop triggered.
2024-12-01 20:38:06 - Mouse clicked at (465, 411)
2024-12-01 20:38:06 - Manual drop triggered.
2024-12-01 20:38:06 - Mouse clicked at (465, 411)
2024-12-01 20:38:06 - Manual drop triggered.
2024-12-01 20:38:06 - Mouse clicked at (465, 411)
2024-12-01 20:38:06 - Manual drop triggered.
2024-12-01 20:38:08 - Exiting the simulation. Goodbye!
