2024-11-29 19:35:17 - Mouse clicked at (111, 419)
2024-11-29 19:35:17 - Simulation started. Automatic cone drops enabled.
2024-11-29 19:35:18 - Automatic drop interval reached.
2024-11-29 19:35:19 - Mouse clicked at (111, 419)
2024-11-29 19:35:19 - Simulation started. Automatic cone drops enabled.
2024-11-29 19:35:20 - Automatic drop interval reached.
2024-11-29 19:35:22 - Automatic drop interval reached.
2024-11-29 19:35:24 - Automatic drop interval reached.
2024-11-29 19:35:26 - Automatic drop interval reached.
2024-11-29 19:35:27 - Mouse clicked at (257, 424)
2024-11-29 19:35:27 - Simulation stopped. Automatic cone drops disabled.
2024-11-29 19:35:28 - Mouse clicked at (417, 424)
2024-11-29 19:35:28 - Manual drop triggered.
2024-11-29 19:35:28 - Mouse clicked at (417, 424)
2024-11-29 19:35:28 - Manual drop triggered.
2024-11-29 19:35:28 - Mouse clicked at (417, 424)
2024-11-29 19:35:28 - Manual drop triggered.
2024-11-29 19:35:28 - Mouse clicked at (417, 424)
2024-11-29 19:35:28 - Manual drop triggered.
2024-11-29 19:35:28 - Mouse clicked at (417, 424)
2024-11-29 19:35:28 - Manual drop triggered.
2024-11-29 19:35:29 - Mouse clicked at (417, 424)
2024-11-29 19:35:29 - Manual drop triggered.
2024-11-29 19:35:29 - Mouse clicked at (417, 424)
2024-11-29 19:35:29 - Manual drop triggered.
2024-11-29 19:35:29 - Mouse clicked at (417, 424)
2024-11-29 19:35:29 - Manual drop triggered.
2024-11-29 19:35:29 - Mouse clicked at (417, 424)
2024-11-29 19:35:29 - Manual drop triggered.
2024-11-29 19:35:29 - Mouse clicked at (417, 424)
2024-11-29 19:35:29 - Manual drop triggered.
2024-11-29 19:35:30 - Mouse clicked at (417, 424)
2024-11-29 19:35:30 - Manual drop triggered.
2024-11-29 19:35:32 - Mouse clicked at (226, 412)
2024-11-29 19:35:32 - Simulation stopped. Automatic cone drops disabled.
2024-11-29 19:35:33 - Mouse clicked at (104, 430)
2024-11-29 19:35:33 - Simulation started. Automatic cone drops enabled.
2024-11-29 19:35:33 - Automatic drop interval reached.
2024-11-29 19:35:35 - Automatic drop interval reached.
2024-11-29 19:35:38 - Automatic drop interval reached.
2024-11-29 19:35:40 - Automatic drop interval reached.
2024-11-29 19:35:40 - Mouse clicked at (421, 421)
2024-11-29 19:35:40 - Manual drop triggered.
2024-11-29 19:35:42 - Automatic drop interval reached.
2024-11-29 19:35:44 - Automatic drop interval reached.
2024-11-29 19:35:46 - Automatic drop interval reached.
2024-11-29 19:35:47 - Mouse clicked at (250, 424)
2024-11-29 19:35:47 - Simulation stopped. Automatic cone drops disabled.
2024-11-29 19:35:49 - Mouse clicked at (457, 150)
2024-11-29 19:35:49 - Mouse clicked at (457, 150)
2024-11-29 19:35:50 - Mouse clicked at (400, 104)
2024-11-29 19:35:51 - Mouse clicked at (126, 413)
2024-11-29 19:35:51 - Simulation started. Automatic cone drops enabled.
2024-11-29 19:35:51 - Automatic drop interval reached.
2024-11-29 19:35:52 - Mouse clicked at (126, 413)
2024-11-29 19:35:52 - Simulation started. Automatic cone drops enabled.
2024-11-29 19:35:53 - Mouse clicked at (84, 424)
2024-11-29 19:35:53 - Simulation started. Automatic cone drops enabled.
2024-11-29 19:35:53 - Automatic drop interval reached.
2024-11-29 19:35:53 - Mouse clicked at (236, 425)
2024-11-29 19:35:53 - Simulation stopped. Automatic cone drops disabled.
2024-11-29 19:35:57 - Exiting the simulation. Goodbye!
